#
# There is insufficient memory for the Java Runtime Environment to continue.
# Native memory allocation (malloc) failed to allocate 929616 bytes for Chunk::new
# Possible reasons:
#   The system is out of physical RAM or swap space
#   In 32 bit mode, the process size limit was hit
# Possible solutions:
#   Reduce memory load on the system
#   Increase physical memory or swap space
#   Check if swap backing store is full
#   Use 64 bit Java on a 64 bit OS
#   Decrease Java heap size (-Xmx/-Xms)
#   Decrease number of Java threads
#   Decrease Java thread stack sizes (-Xss)
#   Set larger code cache with -XX:ReservedCodeCacheSize=
# This output file may be truncated or incomplete.
#
#  Out of Memory Error (allocation.cpp:388), pid=6788, tid=9076
#
# JRE version: Java(TM) SE Runtime Environment (8.0_05-b13) (build 1.8.0_05-b13)
# Java VM: Java HotSpot(TM) 64-Bit Server VM (25.5-b02 mixed mode windows-amd64 compressed oops)
# Failed to write core dump. Minidumps are not enabled by default on client versions of Windows
#

---------------  T H R E A D  ---------------

Current thread (0x0000000014ea8800):  JavaThread "C2 CompilerThread0" daemon [_thread_in_native, id=9076, stack(0x00000000163f0000,0x00000000164f0000)]

Stack: [0x00000000163f0000,0x00000000164f0000]
Native frames: (J=compiled Java code, j=interpreted, Vv=VM code, C=native code)
V  [jvm.dll+0x308dea]
V  [jvm.dll+0x25def1]
V  [jvm.dll+0x25eb0f]
V  [jvm.dll+0x2564e5]
V  [jvm.dll+0xbcfc5]
V  [jvm.dll+0xbd45c]
V  [jvm.dll+0x44d422]
V  [jvm.dll+0x48e13f]
V  [jvm.dll+0x44293e]
V  [jvm.dll+0x44366b]
V  [jvm.dll+0x427532]
V  [jvm.dll+0x96702]
V  [jvm.dll+0x96ef3]
V  [jvm.dll+0x2232c4]
V  [jvm.dll+0x27baca]
C  [msvcr100.dll+0x21d9f]
C  [msvcr100.dll+0x21e3b]
C  [KERNEL32.DLL+0x16ad]
C  [ntdll.dll+0x74629]


Current CompileTask:
C2:   8179 1569       4       com.android.dex.EncodedValueReader::skipValue (348 bytes)


---------------  P R O C E S S  ---------------

Java Threads: ( => current thread )
  0x0000000016718000 JavaThread "Service Thread" daemon [_thread_blocked, id=8264, stack(0x0000000016af0000,0x0000000016bf0000)]
  0x0000000014ea3800 JavaThread "C1 CompilerThread2" daemon [_thread_blocked, id=8644, stack(0x00000000165f0000,0x00000000166f0000)]
  0x0000000014e9b000 JavaThread "C2 CompilerThread1" daemon [_thread_in_native, id=8400, stack(0x00000000164f0000,0x00000000165f0000)]
=>0x0000000014ea8800 JavaThread "C2 CompilerThread0" daemon [_thread_in_native, id=9076, stack(0x00000000163f0000,0x00000000164f0000)]
  0x0000000014ea7000 JavaThread "Attach Listener" daemon [_thread_blocked, id=7568, stack(0x00000000162f0000,0x00000000163f0000)]
  0x0000000014ea6000 JavaThread "Signal Dispatcher" daemon [_thread_blocked, id=5608, stack(0x00000000161f0000,0x00000000162f0000)]
  0x0000000002704000 JavaThread "Finalizer" daemon [_thread_blocked, id=7532, stack(0x00000000160f0000,0x00000000161f0000)]
  0x00000000026f9000 JavaThread "Reference Handler" daemon [_thread_blocked, id=1828, stack(0x0000000015ff0000,0x00000000160f0000)]
  0x00000000027cd800 JavaThread "main" [_thread_blocked, id=7056, stack(0x00000000024e0000,0x00000000025e0000)]

Other Threads:
  0x0000000014e66000 VMThread [stack: 0x0000000015ef0000,0x0000000015ff0000] [id=4520]
  0x000000001671a000 WatcherThread [stack: 0x0000000016bf0000,0x0000000016cf0000] [id=8220]

VM state:not at safepoint (normal execution)

VM Mutex/Monitor currently owned by a thread: None

Heap:
 PSYoungGen      total 18944K, used 17124K [0x00000000eab00000, 0x00000000ec200000, 0x0000000100000000)
  eden space 15872K, 89% used [0x00000000eab00000,0x00000000eb8d5810,0x00000000eba80000)
  from space 3072K, 96% used [0x00000000ebe00000,0x00000000ec0e39c0,0x00000000ec100000)
  to   space 3584K, 0% used [0x00000000eba80000,0x00000000eba80000,0x00000000ebe00000)
 ParOldGen       total 64000K, used 14786K [0x00000000c0000000, 0x00000000c3e80000, 0x00000000eab00000)
  object space 64000K, 23% used [0x00000000c0000000,0x00000000c0e70b38,0x00000000c3e80000)
 Metaspace       used 6501K, capacity 7320K, committed 7424K, reserved 1056768K
  class space    used 696K, capacity 720K, committed 768K, reserved 1048576K

Card table byte_map: [0x0000000011b90000,0x0000000011da0000] byte_map_base: 0x0000000011590000

Marking Bits: (ParMarkBitMap*) 0x000000005ed413b0
 Begin Bits: [0x0000000012300000, 0x0000000013300000)
 End Bits:   [0x0000000013300000, 0x0000000014300000)

Polling page: 0x00000000025f0000

CodeCache: size=245760Kb used=4985Kb max_used=4985Kb free=240775Kb
 bounds [0x00000000027d0000, 0x0000000002cc0000, 0x00000000117d0000]
 total_blobs=1891 nmethods=1607 adapters=198
 compilation: enabled

Compilation events (10 events):
Event: 3.526 Thread 0x0000000014ea3800 1617       3       java.security.MessageDigest::update (45 bytes)
Event: 3.527 Thread 0x0000000014ea3800 nmethod 1617 0x0000000002ca68d0 code [0x0000000002ca6a60, 0x0000000002ca6e28]
Event: 3.527 Thread 0x0000000014ea3800 1618       3       java.security.MessageDigest$Delegate::engineUpdate (11 bytes)
Event: 3.527 Thread 0x0000000014ea3800 nmethod 1618 0x0000000002c9f350 code [0x0000000002c9f4c0, 0x0000000002c9f6e8]
Event: 3.548 Thread 0x0000000014ea3800 1619       3       java.util.zip.Adler32::update (51 bytes)
Event: 3.548 Thread 0x0000000014ea3800 nmethod 1619 0x0000000002cb1a90 code [0x0000000002cb1c20, 0x0000000002cb1fe8]
Event: 3.552 Thread 0x0000000014ea3800 1621       3       java.nio.ByteBuffer::arrayOffset (35 bytes)
Event: 3.553 Thread 0x0000000014ea3800 nmethod 1621 0x0000000002cb2510 code [0x0000000002cb26a0, 0x0000000002cb2998]
Event: 3.553 Thread 0x0000000014ea3800 1622       3       java.util.Formatter$Flags::contains (22 bytes)
Event: 3.554 Thread 0x0000000014ea3800 nmethod 1622 0x0000000002cb2ad0 code [0x0000000002cb2c40, 0x0000000002cb2e50]

GC Heap History (10 events):
Event: 1.339 GC heap before
{Heap before GC invocations=10 (full 0):
 PSYoungGen      total 5120K, used 4509K [0x00000000eab00000, 0x00000000eb500000, 0x0000000100000000)
  eden space 3584K, 83% used [0x00000000eab00000,0x00000000eadebb78,0x00000000eae80000)
  from space 1536K, 98% used [0x00000000eae80000,0x00000000eaffb8a8,0x00000000eb000000)
  to   space 2048K, 0% used [0x00000000eb300000,0x00000000eb300000,0x00000000eb500000)
 ParOldGen       total 64000K, used 1704K [0x00000000c0000000, 0x00000000c3e80000, 0x00000000eab00000)
  object space 64000K, 2% used [0x00000000c0000000,0x00000000c01aa080,0x00000000c3e80000)
 Metaspace       used 5110K, capacity 6512K, committed 6784K, reserved 1056768K
  class space    used 544K, capacity 616K, committed 640K, reserved 1048576K
Event: 1.342 GC heap after
Heap after GC invocations=10 (full 0):
 PSYoungGen      total 8192K, used 1706K [0x00000000eab00000, 0x00000000eb500000, 0x0000000100000000)
  eden space 6144K, 0% used [0x00000000eab00000,0x00000000eab00000,0x00000000eb100000)
  from space 2048K, 83% used [0x00000000eb300000,0x00000000eb4aab18,0x00000000eb500000)
  to   space 2048K, 0% used [0x00000000eb100000,0x00000000eb100000,0x00000000eb300000)
 ParOldGen       total 64000K, used 2518K [0x00000000c0000000, 0x00000000c3e80000, 0x00000000eab00000)
  object space 64000K, 3% used [0x00000000c0000000,0x00000000c0275978,0x00000000c3e80000)
 Metaspace       used 5110K, capacity 6512K, committed 6784K, reserved 1056768K
  class space    used 544K, capacity 616K, committed 640K, reserved 1048576K
}
Event: 2.868 GC heap before
{Heap before GC invocations=11 (full 0):
 PSYoungGen      total 8192K, used 7780K [0x00000000eab00000, 0x00000000eb500000, 0x0000000100000000)
  eden space 6144K, 98% used [0x00000000eab00000,0x00000000eb0ee6b0,0x00000000eb100000)
  from space 2048K, 83% used [0x00000000eb300000,0x00000000eb4aab18,0x00000000eb500000)
  to   space 2048K, 0% used [0x00000000eb100000,0x00000000eb100000,0x00000000eb300000)
 ParOldGen       total 64000K, used 2518K [0x00000000c0000000, 0x00000000c3e80000, 0x00000000eab00000)
  object space 64000K, 3% used [0x00000000c0000000,0x00000000c0275978,0x00000000c3e80000)
 Metaspace       used 6130K, capacity 7216K, committed 7424K, reserved 1056768K
  class space    used 666K, capacity 680K, committed 768K, reserved 1048576K
Event: 2.872 GC heap after
Heap after GC invocations=11 (full 0):
 PSYoungGen      total 8192K, used 1934K [0x00000000eab00000, 0x00000000eba00000, 0x0000000100000000)
  eden space 6144K, 0% used [0x00000000eab00000,0x00000000eab00000,0x00000000eb100000)
  from space 2048K, 94% used [0x00000000eb100000,0x00000000eb2e3918,0x00000000eb300000)
  to   space 2560K, 0% used [0x00000000eb780000,0x00000000eb780000,0x00000000eba00000)
 ParOldGen       total 64000K, used 3654K [0x00000000c0000000, 0x00000000c3e80000, 0x00000000eab00000)
  object space 64000K, 5% used [0x00000000c0000000,0x00000000c0391b88,0x00000000c3e80000)
 Metaspace       used 6130K, capacity 7216K, committed 7424K, reserved 1056768K
  class space    used 666K, capacity 680K, committed 768K, reserved 1048576K
}
Event: 3.059 GC heap before
{Heap before GC invocations=12 (full 0):
 PSYoungGen      total 8192K, used 8078K [0x00000000eab00000, 0x00000000eba00000, 0x0000000100000000)
  eden space 6144K, 100% used [0x00000000eab00000,0x00000000eb100000,0x00000000eb100000)
  from space 2048K, 94% used [0x00000000eb100000,0x00000000eb2e3918,0x00000000eb300000)
  to   space 2560K, 0% used [0x00000000eb780000,0x00000000eb780000,0x00000000eba00000)
 ParOldGen       total 64000K, used 3654K [0x00000000c0000000, 0x00000000c3e80000, 0x00000000eab00000)
  object space 64000K, 5% used [0x00000000c0000000,0x00000000c0391b88,0x00000000c3e80000)
 Metaspace       used 6411K, capacity 7320K, committed 7424K, reserved 1056768K
  class space    used 692K, capacity 720K, committed 768K, reserved 1048576K
Event: 3.065 GC heap after
Heap after GC invocations=12 (full 0):
 PSYoungGen      total 12800K, used 2524K [0x00000000eab00000, 0x00000000eba00000, 0x0000000100000000)
  eden space 10240K, 0% used [0x00000000eab00000,0x00000000eab00000,0x00000000eb500000)
  from space 2560K, 98% used [0x00000000eb780000,0x00000000eb9f7178,0x00000000eba00000)
  to   space 2560K, 0% used [0x00000000eb500000,0x00000000eb500000,0x00000000eb780000)
 ParOldGen       total 64000K, used 7089K [0x00000000c0000000, 0x00000000c3e80000, 0x00000000eab00000)
  object space 64000K, 11% used [0x00000000c0000000,0x00000000c06ec6e0,0x00000000c3e80000)
 Metaspace       used 6411K, capacity 7320K, committed 7424K, reserved 1056768K
  class space    used 692K, capacity 720K, committed 768K, reserved 1048576K
}
Event: 3.257 GC heap before
{Heap before GC invocations=13 (full 0):
 PSYoungGen      total 12800K, used 12225K [0x00000000eab00000, 0x00000000eba00000, 0x0000000100000000)
  eden space 10240K, 94% used [0x00000000eab00000,0x00000000eb479358,0x00000000eb500000)
  from space 2560K, 98% used [0x00000000eb780000,0x00000000eb9f7178,0x00000000eba00000)
  to   space 2560K, 0% used [0x00000000eb500000,0x00000000eb500000,0x00000000eb780000)
 ParOldGen       total 64000K, used 7089K [0x00000000c0000000, 0x00000000c3e80000, 0x00000000eab00000)
  object space 64000K, 11% used [0x00000000c0000000,0x00000000c06ec6e0,0x00000000c3e80000)
 Metaspace       used 6442K, capacity 7320K, committed 7424K, reserved 1056768K
  class space    used 692K, capacity 720K, committed 768K, reserved 1048576K
Event: 3.260 GC heap after
Heap after GC invocations=13 (full 0):
 PSYoungGen      total 12800K, used 2100K [0x00000000eab00000, 0x00000000ec100000, 0x0000000100000000)
  eden space 10240K, 0% used [0x00000000eab00000,0x00000000eab00000,0x00000000eb500000)
  from space 2560K, 82% used [0x00000000eb500000,0x00000000eb70d1b0,0x00000000eb780000)
  to   space 3072K, 0% used [0x00000000ebe00000,0x00000000ebe00000,0x00000000ec100000)
 ParOldGen       total 64000K, used 7105K [0x00000000c0000000, 0x00000000c3e80000, 0x00000000eab00000)
  object space 64000K, 11% used [0x00000000c0000000,0x00000000c06f06e0,0x00000000c3e80000)
 Metaspace       used 6442K, capacity 7320K, committed 7424K, reserved 1056768K
  class space    used 692K, capacity 720K, committed 768K, reserved 1048576K
}
Event: 3.383 GC heap before
{Heap before GC invocations=14 (full 0):
 PSYoungGen      total 12800K, used 12340K [0x00000000eab00000, 0x00000000ec100000, 0x0000000100000000)
  eden space 10240K, 100% used [0x00000000eab00000,0x00000000eb500000,0x00000000eb500000)
  from space 2560K, 82% used [0x00000000eb500000,0x00000000eb70d1b0,0x00000000eb780000)
  to   space 3072K, 0% used [0x00000000ebe00000,0x00000000ebe00000,0x00000000ec100000)
 ParOldGen       total 64000K, used 7105K [0x00000000c0000000, 0x00000000c3e80000, 0x00000000eab00000)
  object space 64000K, 11% used [0x00000000c0000000,0x00000000c06f06e0,0x00000000c3e80000)
 Metaspace       used 6459K, capacity 7320K, committed 7424K, reserved 1056768K
  class space    used 692K, capacity 720K, committed 768K, reserved 1048576K
Event: 3.401 GC heap after
Heap after GC invocations=14 (full 0):
 PSYoungGen      total 18944K, used 2958K [0x00000000eab00000, 0x00000000ec200000, 0x0000000100000000)
  eden space 15872K, 0% used [0x00000000eab00000,0x00000000eab00000,0x00000000eba80000)
  from space 3072K, 96% used [0x00000000ebe00000,0x00000000ec0e39c0,0x00000000ec100000)
  to   space 3584K, 0% used [0x00000000eba80000,0x00000000eba80000,0x00000000ebe00000)
 ParOldGen       total 64000K, used 14786K [0x00000000c0000000, 0x00000000c3e80000, 0x00000000eab00000)
  object space 64000K, 23% used [0x00000000c0000000,0x00000000c0e70b38,0x00000000c3e80000)
 Metaspace       used 6459K, capacity 7320K, committed 7424K, reserved 1056768K
  class space    used 692K, capacity 720K, committed 768K, reserved 1048576K
}

Deoptimization events (10 events):
Event: 1.391 Thread 0x00000000027cd800 Uncommon trap: reason=bimorphic action=maybe_recompile pc=0x0000000002a67334 method=java.util.HashMap.getNode(ILjava/lang/Object;)Ljava/util/HashMap$Node; @ 126
Event: 1.391 Thread 0x00000000027cd800 Uncommon trap: reason=bimorphic action=maybe_recompile pc=0x0000000002a67334 method=java.util.HashMap.getNode(ILjava/lang/Object;)Ljava/util/HashMap$Node; @ 126
Event: 1.391 Thread 0x00000000027cd800 Uncommon trap: reason=bimorphic action=maybe_recompile pc=0x0000000002a67334 method=java.util.HashMap.getNode(ILjava/lang/Object;)Ljava/util/HashMap$Node; @ 126
Event: 1.395 Thread 0x00000000027cd800 Uncommon trap: reason=bimorphic action=maybe_recompile pc=0x0000000002a67334 method=java.util.HashMap.getNode(ILjava/lang/Object;)Ljava/util/HashMap$Node; @ 126
Event: 1.396 Thread 0x00000000027cd800 Uncommon trap: reason=bimorphic action=maybe_recompile pc=0x00000000029f4ee0 method=java.util.HashMap.getNode(ILjava/lang/Object;)Ljava/util/HashMap$Node; @ 126
Event: 2.619 Thread 0x00000000027cd800 Uncommon trap: reason=predicate action=maybe_recompile pc=0x0000000002b6f0e8 method=com.android.dex.Leb128.writeUnsignedLeb128(Lcom/android/dex/util/ByteOutput;I)V @ 9
Event: 2.947 Thread 0x00000000027cd800 Uncommon trap: reason=predicate action=maybe_recompile pc=0x0000000002b99d08 method=com.android.dex.Leb128.readUnsignedLeb128(Lcom/android/dex/util/ByteInput;)I @ 41
Event: 3.103 Thread 0x00000000027cd800 Uncommon trap: reason=unreached action=reinterpret pc=0x0000000002bde844 method=java.util.HashMap.putVal(ILjava/lang/Object;Ljava/lang/Object;ZZ)Ljava/lang/Object; @ 109
Event: 3.149 Thread 0x00000000027cd800 Uncommon trap: reason=unreached action=reinterpret pc=0x0000000002ae2f5c method=java.util.HashMap.getNode(ILjava/lang/Object;)Ljava/util/HashMap$Node; @ 84
Event: 3.156 Thread 0x00000000027cd800 Uncommon trap: reason=unreached action=reinterpret pc=0x0000000002ada1b8 method=java.util.HashMap.getNode(ILjava/lang/Object;)Ljava/util/HashMap$Node; @ 84

Internal exceptions (10 events):
Event: 2.860 Thread 0x00000000027cd800 Exception <a 'java/security/PrivilegedActionException'> (0x00000000eb0cb048) thrown at [D:\re\workspace\8-2-build-windows-amd64-cygwin\jdk8u5\2488\hotspot\src\share\vm\prims\jvm.cpp, line 1248]
Event: 2.861 Thread 0x00000000027cd800 Exception <a 'java/security/PrivilegedActionException'> (0x00000000eb0ce370) thrown at [D:\re\workspace\8-2-build-windows-amd64-cygwin\jdk8u5\2488\hotspot\src\share\vm\prims\jvm.cpp, line 1248]
Event: 2.864 Thread 0x00000000027cd800 Exception <a 'java/security/PrivilegedActionException'> (0x00000000eb0d2278) thrown at [D:\re\workspace\8-2-build-windows-amd64-cygwin\jdk8u5\2488\hotspot\src\share\vm\prims\jvm.cpp, line 1248]
Event: 2.864 Thread 0x00000000027cd800 Exception <a 'java/security/PrivilegedActionException'> (0x00000000eb0d52e8) thrown at [D:\re\workspace\8-2-build-windows-amd64-cygwin\jdk8u5\2488\hotspot\src\share\vm\prims\jvm.cpp, line 1248]
Event: 2.865 Thread 0x00000000027cd800 Exception <a 'java/security/PrivilegedActionException'> (0x00000000eb0d8518) thrown at [D:\re\workspace\8-2-build-windows-amd64-cygwin\jdk8u5\2488\hotspot\src\share\vm\prims\jvm.cpp, line 1248]
Event: 2.866 Thread 0x00000000027cd800 Exception <a 'java/security/PrivilegedActionException'> (0x00000000eb0dbb80) thrown at [D:\re\workspace\8-2-build-windows-amd64-cygwin\jdk8u5\2488\hotspot\src\share\vm\prims\jvm.cpp, line 1248]
Event: 2.875 Thread 0x00000000027cd800 Exception <a 'java/security/PrivilegedActionException'> (0x00000000eab40538) thrown at [D:\re\workspace\8-2-build-windows-amd64-cygwin\jdk8u5\2488\hotspot\src\share\vm\prims\jvm.cpp, line 1248]
Event: 2.875 Thread 0x00000000027cd800 Exception <a 'java/security/PrivilegedActionException'> (0x00000000eab42918) thrown at [D:\re\workspace\8-2-build-windows-amd64-cygwin\jdk8u5\2488\hotspot\src\share\vm\prims\jvm.cpp, line 1248]
Event: 3.376 Thread 0x00000000027cd800 Exception <a 'java/security/PrivilegedActionException'> (0x00000000eb483c40) thrown at [D:\re\workspace\8-2-build-windows-amd64-cygwin\jdk8u5\2488\hotspot\src\share\vm\prims\jvm.cpp, line 1248]
Event: 3.691 Thread 0x00000000027cd800 Exception <a 'java/lang/OutOfMemoryError'> (0x00000000eb682f20) thrown at [D:\re\workspace\8-2-build-windows-amd64-cygwin\jdk8u5\2488\hotspot\src\share\vm\prims\jni.cpp, line 742]

Events (10 events):
Event: 3.260 Executing VM operation: ParallelGCFailedAllocation done
Event: 3.376 loading class com/android/dex/Dex$1
Event: 3.376 loading class com/android/dex/Dex$1 done
Event: 3.383 Executing VM operation: ParallelGCFailedAllocation
Event: 3.401 Executing VM operation: ParallelGCFailedAllocation done
Event: 3.691 loading class java/lang/Throwable$WrappedPrintStream
Event: 3.691 loading class java/lang/Throwable$PrintStreamOrWriter
Event: 3.691 loading class java/lang/Throwable$PrintStreamOrWriter done
Event: 3.691 loading class java/lang/Throwable$WrappedPrintStream done
Event: 3.691 loading class java/util/IdentityHashMap


Dynamic libraries:
0x00007ff604f80000 - 0x00007ff604fb4000 	C:\Program Files\Java\jdk1.8.0_05\bin\java.exe
0x00007ffdadd90000 - 0x00007ffdadf3a000 	C:\WINDOWS\SYSTEM32\ntdll.dll
0x00007ffdabaf0000 - 0x00007ffdabc2a000 	C:\WINDOWS\system32\KERNEL32.DLL
0x00007ffdab2d0000 - 0x00007ffdab3df000 	C:\WINDOWS\system32\KERNELBASE.dll
0x00007ffda9d40000 - 0x00007ffda9dc8000 	C:\WINDOWS\system32\apphelp.dll
0x00007ffd927c0000 - 0x00007ffd9280f000 	C:\WINDOWS\AppPatch\AppPatch64\AcGenral.DLL
0x00007ffdab9e0000 - 0x00007ffdaba87000 	C:\WINDOWS\system32\msvcrt.dll
0x00007ffdaaed0000 - 0x00007ffdaaefb000 	C:\WINDOWS\SYSTEM32\SspiCli.dll
0x00007ffdabce0000 - 0x00007ffdabd31000 	C:\WINDOWS\system32\SHLWAPI.dll
0x00007ffdab6b0000 - 0x00007ffdab821000 	C:\WINDOWS\system32\USER32.dll
0x00007ffdab860000 - 0x00007ffdab9d8000 	C:\WINDOWS\system32\ole32.dll
0x00007ffdac370000 - 0x00007ffdad787000 	C:\WINDOWS\system32\SHELL32.dll
0x00007ffdaa710000 - 0x00007ffdaa72e000 	C:\WINDOWS\SYSTEM32\USERENV.dll
0x00007ffdabc30000 - 0x00007ffdabcd5000 	C:\WINDOWS\system32\ADVAPI32.dll
0x00007ffda6bb0000 - 0x00007ffda6bcb000 	C:\WINDOWS\SYSTEM32\MPR.dll
0x00007ffdabf60000 - 0x00007ffdac096000 	C:\WINDOWS\system32\RPCRT4.dll
0x00007ffdac2b0000 - 0x00007ffdac307000 	C:\WINDOWS\SYSTEM32\sechost.dll
0x00007ffdad970000 - 0x00007ffdadb46000 	C:\WINDOWS\SYSTEM32\combase.dll
0x00007ffdabe00000 - 0x00007ffdabf45000 	C:\WINDOWS\system32\GDI32.dll
0x00007ffdab100000 - 0x00007ffdab114000 	C:\WINDOWS\SYSTEM32\profapi.dll
0x00007ffda95a0000 - 0x00007ffda963f000 	C:\WINDOWS\SYSTEM32\SHCORE.dll
0x00007ffdad930000 - 0x00007ffdad964000 	C:\WINDOWS\system32\IMM32.DLL
0x00007ffdac170000 - 0x00007ffdac2a9000 	C:\WINDOWS\system32\MSCTF.dll
0x00007ffda81b0000 - 0x00007ffda840a000 	C:\WINDOWS\WinSxS\amd64_microsoft.windows.common-controls_6595b64144ccf1df_6.0.9600.17031_none_6242a4b3ecbb55a1\COMCTL32.dll
0x0000000060250000 - 0x0000000060322000 	C:\Program Files\Java\jdk1.8.0_05\jre\bin\msvcr100.dll
0x000000005e590000 - 0x000000005edba000 	C:\Program Files\Java\jdk1.8.0_05\jre\bin\server\jvm.dll
0x00007ffd976f0000 - 0x00007ffd976f9000 	C:\WINDOWS\SYSTEM32\WSOCK32.dll
0x00007ffda2b80000 - 0x00007ffda2b9f000 	C:\WINDOWS\SYSTEM32\WINMM.dll
0x00007ffdac160000 - 0x00007ffdac167000 	C:\WINDOWS\system32\PSAPI.DLL
0x00007ffdadd30000 - 0x00007ffdadd88000 	C:\WINDOWS\system32\WS2_32.dll
0x00007ffda2b50000 - 0x00007ffda2b7a000 	C:\WINDOWS\SYSTEM32\WINMMBASE.dll
0x00007ffdac0a0000 - 0x00007ffdac0a9000 	C:\WINDOWS\system32\NSI.dll
0x00007ffdab280000 - 0x00007ffdab2ca000 	C:\WINDOWS\SYSTEM32\cfgmgr32.dll
0x00007ffda9f90000 - 0x00007ffda9fb6000 	C:\WINDOWS\SYSTEM32\DEVOBJ.dll
0x0000000060a50000 - 0x0000000060a5f000 	C:\Program Files\Java\jdk1.8.0_05\jre\bin\verify.dll
0x0000000060a20000 - 0x0000000060a48000 	C:\Program Files\Java\jdk1.8.0_05\jre\bin\java.dll
0x0000000060a00000 - 0x0000000060a16000 	C:\Program Files\Java\jdk1.8.0_05\jre\bin\zip.dll
0x00007ffd9cc10000 - 0x00007ffd9cd98000 	C:\WINDOWS\SYSTEM32\dbghelp.dll

VM Arguments:
jvm_args: -Xmx1024M -Dfile.encoding=windows-1252 -Duser.country=US -Duser.language=en -Duser.variant 
java_command: com.android.dx.command.Main --dex --output C:\Users\WIN8\AndroidStudioProjects\QuoteGenerator\app\build\intermediates\dex\debug C:\Users\WIN8\AndroidStudioProjects\QuoteGenerator\app\build\intermediates\classes\debug C:\Users\WIN8\AndroidStudioProjects\QuoteGenerator\app\build\intermediates\pre-dexed\debug\support-annotations-22.0.0-f67701c585defa178b5429aaaa40d24f2f1ae6aa.jar C:\Users\WIN8\AndroidStudioProjects\QuoteGenerator\app\build\intermediates\pre-dexed\debug\internal_impl-22.0.0-07f1df16749d4d38b55cc97cb17a5ad825868f07.jar C:\Users\WIN8\AndroidStudioProjects\QuoteGenerator\app\build\intermediates\pre-dexed\debug\classes-de468e38f2ea23c1110cbf415b860967b08cf8a2.jar C:\Users\WIN8\AndroidStudioProjects\QuoteGenerator\app\build\intermediates\pre-dexed\debug\classes-819114424cec7fa4c8e07b89f8965ae1fbaa2d85.jar
java_class_path (initial): C:\Users\WIN8\AppData\Local\Android\sdk\build-tools\22.0.0\lib\dx.jar
Launcher Type: SUN_STANDARD

Environment Variables:
PATH=C:\Program Files (x86)\Intel\iCLS Client\;C:\Program Files\Intel\iCLS Client\;C:\WINDOWS\system32;C:\WINDOWS;C:\WINDOWS\System32\Wbem;C:\WINDOWS\System32\WindowsPowerShell\v1.0\;C:\Program Files (x86)\Intel\OpenCL SDK\2.0\bin\x86;C:\Program Files (x86)\Intel\OpenCL SDK\2.0\bin\x64;C:\Program Files\Intel\Intel(R) Management Engine Components\DAL;C:\Program Files\Intel\Intel(R) Management Engine Components\IPT;C:\Program Files (x86)\Intel\Intel(R) Management Engine Components\DAL;C:\Program Files (x86)\Intel\Intel(R) Management Engine Components\IPT;C:\Program Files (x86)\Windows Live\Shared;C:\Program Files (x86)\Windows Kits\8.1\Windows Performance Toolkit\;C:\Program Files\Microsoft SQL Server\110\Tools\Binn\;C:\Program Files (x86)\Microsoft SQL Server\100\Tools\Binn\;C:\Program Files\Microsoft SQL Server\100\Tools\Binn\;C:\Program Files\Microsoft SQL Server\100\DTS\Binn\;C:\MinGW\bin;C:\msys\1.0\bin;C:\Program Files\Microsoft SQL Server\120\Tools\Binn\;C:\Program Files (x86)\Inkscape-0.48\python\;C:\Program Files (x86)\Inkscape-0.48\python\DLLs;C:\Program Files (x86)\nodejs\;C:\MinGW\bin;C:\Users\WIN8\AppData\Roaming\npm
USERNAME=WIN8
OS=Windows_NT
PROCESSOR_IDENTIFIER=Intel64 Family 6 Model 58 Stepping 9, GenuineIntel



---------------  S Y S T E M  ---------------

OS: Windows 8.1 , 64 bit Build 9600 

CPU:total 4 (2 cores per cpu, 2 threads per core) family 6 model 58 stepping 9, cmov, cx8, fxsr, mmx, sse, sse2, sse3, ssse3, sse4.1, sse4.2, popcnt, avx, clmul, erms, ht, tsc, tscinvbit

Memory: 4k page, physical 4077156k(198012k free), swap 7222884k(3908k free)

vm_info: Java HotSpot(TM) 64-Bit Server VM (25.5-b02) for windows-amd64 JRE (1.8.0_05-b13), built on Mar 18 2014 01:08:39 by "java_re" with MS VC++ 10.0 (VS2010)

time: Mon Nov 16 06:06:43 2015
elapsed time: 8 seconds

